Application is running with Unicode string encoding.
W : pro_bind : attempt to bind function "get_model_file_full_path" , which is already bound
DUMMY - pro_set_input_devices_allowed
DUMMY - putxyres
pglSetStatus: Pgl Session Initialize
DUMMY - putxyres
uit_get_visual_style_low:  Style is PTC Creo 1 (INFO MESSAGE)
GalleryBaseWdg::GalleryBaseWdg:  Activate command of 'ProCmdDwgTblFromGallery' should be type uiCmdTypeNone (INFO MESSAGE)
GalleryBaseWdg::GalleryBaseWdg:  Activate command of 'ProCmdCEFormatsGallery' should be type uiCmdTypeNone (INFO MESSAGE)
GalleryBaseWdg::GalleryBaseWdg:  Activate command of 'ProCmdCEFltFormatsGallery' should be type uiCmdTypeNone (INFO MESSAGE)
uit_CmdUiLoadIfNeeded:  The size of image 'mechanism_large' is not valid ('32x32') in short resource 'procmdutilappmech.res' (INFO MESSAGE)
uit_CmdUiLoadIfNeeded:  The size of image 'animation_large' is not valid ('32x32') in short resource 'procmdutilappanim.res' (INFO MESSAGE)
uit_CmdUiLoadIfNeeded:  The size of image 'welding_large' is not valid ('32x32') in short resource 'procmdutilappasmweld.res' (INFO MESSAGE)
uit_CmdUiLoadIfNeeded:  The size of image 'welding_large' is not valid ('32x32') in short resource 'procmdutilappprtweld.res' (INFO MESSAGE)
uit_CmdUiLoadIfNeeded:  The size of image 'piping_large' is not valid ('32x32') in short resource 'procmdutilapppipe.res' (INFO MESSAGE)
uit_CmdUiLoadIfNeeded:  The size of image 'cabling_large' is not valid ('32x32') in short resource 'procmdutilappcable.res' (INFO MESSAGE)
uit_CmdUiLoadIfNeeded:  The size of image 'mold_cast_large' is not valid ('32x32') in short resource 'procmdutilappmoldcast.res' (INFO MESSAGE)
uit_CmdUiLoadIfNeeded:  The size of image 'mold_layout_large' is not valid ('32x32') in short resource 'procmdutilappasmmoldlayout.res' (INFO MESSAGE)
uit_CmdUiLoadIfNeeded:  The size of image 'drawing_app_large.bif' is not valid ('32x32') in short resource 'procmdutilappdwgstd.res' (INFO MESSAGE)
uit_CmdUiLoadIfNeeded:  The size of image 'legacy_drawing_associator_large.bif' is not valid ('32x32') in short resource 'procmdutilappdwglgcy.res' (INFO MESSAGE)
uit_CmdUiLoadIfNeeded:  The size of image 'drw_template_view_large.bif' is not valid ('32x32') in short resource 'procmdutilappdwgtmplt.res' (INFO MESSAGE)
uit_CmdUiLoadIfNeeded:  The size of image 'piping_large.bif' is not valid ('32x32') in short resource 'procmdutilappdwgpipe.res' (INFO MESSAGE)
uit_CmdUiLoadIfNeeded:  The size of image 'harness_mfg_large' is not valid ('32x32') in short resource 'procmdhmestart.res' (INFO MESSAGE)
ProCmdSelBufferAttrSet():  Can't to find the command: ProCmdFaceted (INFO MESSAGE)
ProCmdSelBufferAttrSet():  Selection Buffer Attribute loaded 41 commands (INFO MESSAGE)
GalleryBaseWdg::GalleryBaseWdg:  Activate command of 'ProCmdMankSelGalPostr' should be type uiCmdTypeNone (INFO MESSAGE)
uit_CmdUiLoadIfNeeded:  The size of image 'man_postures_apply.bif' is not valid ('32x32') in short resource 'procmdmankapplgalpostr.res' (INFO MESSAGE)
uit_CmdUiLoadIfNeeded:  Can't find a resource ProCmd3dPrintQualityMode. (INFO MESSAGE)
uit_CmdUiLoadIfNeeded:  The size of image 'print_3d_large' is not valid ('32x32') in short resource 'procmd3dprint.res' (INFO MESSAGE)
uit_CmdUiLoadIfNeeded:  The size of image 'save_as_large' is not valid ('32x32') in short resource 'procmd3dprintsaveas.res' (INFO MESSAGE)
UitGroupItem::initVertCells:  The maximum group height has been increased to 73 (INFO MESSAGE)
RbnDBData::RbnDbLoadData:  Failed to read PRO_ribbon_db (error -4) (ORDER_DEBUG)
addHints:  adding UGC_NEUTRAL (INFO MESSAGE)
maybe_open:  hint is UGC_NEUTRAL (INFO MESSAGE)
ugc_check_version_dbtype:  file 67 != expected 7 (INFO MESSAGE)
RbnDBData::RbnDbLoadData:  Failed to read PRO_cmd_groups_db (error -4) (ORDER_DEBUG)
addHints:  adding UGC_NEUTRAL (INFO MESSAGE)
maybe_open:  hint is UGC_NEUTRAL (INFO MESSAGE)
ugc_check_version_dbtype:  file 67 != expected 7 (INFO MESSAGE)
RbnDBData::RbnDbLoadData:  Failed to read C:\Program Files (x86)\PTC\Creo 3.0\M170\Common Files\text\creo_parametric_admin_customization.ui (error -4) (ORDER_DEBUG)
addHints:  adding UGC_NEUTRAL (INFO MESSAGE)
maybe_open:  hint is UGC_NEUTRAL (INFO MESSAGE)
ULC::LoadLow:  The customization file is being read from C:\Users\User\AppData\Roaming\PTC\ProENGINEER\Wildfire\.wf\.Settings\creo_parametric_customization.ui
 (INFO MESSAGE)
uit_CmdUiLoadIfNeeded:  The size of image 'print_3d_large' is not valid ('32x32') in short resource 'procmdmodel3dprint.res' (INFO MESSAGE)
uit_CmdUiLoadIfNeeded:  The size of image 'dtl_options_large' is not valid ('32x32') in short resource 'procmddwgproperties.res' (INFO MESSAGE)
uit_CmdUiLoadIfNeeded:  The size of image 'start_session_large.bif' is not valid ('32x32') in short resource 'procmdstartexperiment.res' (INFO MESSAGE)
uit_CmdUiLoadIfNeeded:  The size of image 'open_large.bif' is not valid ('32x32') in short resource 'procmdretrievetryoutsess.res' (INFO MESSAGE)
uit_CmdUiLoadIfNeeded:  The size of image 'report32x32.bif' is not valid ('32x32') in short resource 'procmdtryouttoprpt.res' (INFO MESSAGE)
uit_CmdUiLoadIfNeeded:  The size of image 'view_properties_large.bif' is not valid ('32x32') in short resource 'procmdsettryoutsessprops.res' (INFO MESSAGE)
uit_CmdUiLoadIfNeeded:  The size of image 'options_large.bif' is not valid ('32x32') in short resource 'procmdribbonoptionsdlg.res' (INFO MESSAGE)
pgli_ogl_get_shader_prog: :  Error compiling fragment shader default_ogl_shader.frag
 (INFO MESSAGE)
ResizeControlWdg::resizeContainerHorz:  Can't resize the control bar properly (INFO MESSAGE)
ResizeControlWdg::resizeContainerHorz:  Can't resize the control bar properly (INFO MESSAGE)
uit_CmdUiLoadIfNeeded:  The size of image 'session_warning_events32x16' is not valid ('32x16') in short resource 'procmdinfonmgrlightdlg.res' (INFO MESSAGE)
uit_get_visual_style_low:  Style is PTC Creo 1 (INFO MESSAGE)
pglSetStatus: PglWindowEndNoGraphics: Not in nographics mode.

 run mode = 2
cadds5_link_app_path_name():  NuTCRACKER is not installed (INFO MESSAGE)
DUMMY - getpid
DUMMY - getpid
MB__AddSimpleItemToDevice:  ui_do_operation on 'Subasm_assem_inst_exist_popup' returned -1 (ORDER_DEBUG)
MB__AddSimpleItemToDevice:  ui_do_operation on 'Subasm_assem_inst_exist_popup' returned -1 (ORDER_DEBUG)
MB__AddSimpleItemToDevice:  ui_do_operation on 'Profile_assem_inst_exist_popup' returned -1 (ORDER_DEBUG)
MB__AddSimpleItemToDevice:  ui_do_operation on 'Profile_assem_inst_exist_popup' returned -1 (ORDER_DEBUG)
MB__AddSimpleItemToDevice:  ui_do_operation on 'Profile_assem_inst_cp_ex_popup' returned -1 (ORDER_DEBUG)
MB__AddSimpleItemToDevice:  ui_do_operation on 'Profile_assem_inst_cp_ex_popup' returned -1 (ORDER_DEBUG)
MB__AddSimpleItemToDevice:  ui_do_operation on 'Profile_ass_inst_cp_secex_popup' returned -1 (ORDER_DEBUG)
MB__AddSimpleItemToDevice:  ui_do_operation on 'Profile_ass_inst_cp_secex_popup' returned -1 (ORDER_DEBUG)
MB__AddSimpleItemToDevice:  ui_do_operation on 'Profile_modify_sec_size_popup' returned -1 (ORDER_DEBUG)
MB__AddSimpleItemToDevice:  ui_do_operation on 'Profile_modify_sec_size_popup' returned -1 (ORDER_DEBUG)
MB__AddSimpleItemToDevice:  ui_do_operation on 'Profile_replace_copy_popup' returned -1 (ORDER_DEBUG)
MB__AddSimpleItemToDevice:  ui_do_operation on 'Profile_replace_copy_popup' returned -1 (ORDER_DEBUG)
MB__AddSimpleItemToDevice:  ui_do_operation on 'ConEqui_einbauen_exist_popup' returned -1 (ORDER_DEBUG)
MB__AddSimpleItemToDevice:  ui_do_operation on 'ConEqui_einbauen_exist_popup' returned -1 (ORDER_DEBUG)
MB__AddSimpleItemToDevice:  ui_do_operation on 'ConEqui_einbauen_copy_ex_popup' returned -1 (ORDER_DEBUG)
MB__AddSimpleItemToDevice:  ui_do_operation on 'ConEqui_einbauen_copy_ex_popup' returned -1 (ORDER_DEBUG)
MB__AddSimpleItemToDevice:  ui_do_operation on 'ConEqui_aendern_popup' returned -1 (ORDER_DEBUG)
MB__AddSimpleItemToDevice:  ui_do_operation on 'ConEqui_aendern_popup' returned -1 (ORDER_DEBUG)
MB__AddSimpleItemToDevice:  ui_do_operation on 'ConEqui_replace_copy' returned -1 (ORDER_DEBUG)
MB__AddSimpleItemToDevice:  ui_do_operation on 'ConEqui_replace_copy' returned -1 (ORDER_DEBUG)
MB__AddSimpleItemToDevice:  ui_do_operation on 'Delete_50_ActionMenu' returned -1 (ORDER_DEBUG)
MB__AddSimpleItemToDevice:  ui_do_operation on 'Delete_50_ActionMenu' returned -1 (ORDER_DEBUG)
addHints:  adding UGC_NEUTRAL (INFO MESSAGE)
maybe_open:  hint is UGC_NEUTRAL (INFO MESSAGE)
addHints:  adding UGC_NEUTRAL (INFO MESSAGE)
maybe_open:  hint is UGC_NEUTRAL (INFO MESSAGE)
ULC_Load:  Application 2 is already loaded! (ORDER_DEBUG)
ULC_Load:  Application 1 is already loaded! (ORDER_DEBUG)
check_exec_file_accessible_():  C:\Program Files (x86)\PTC\Creo 3.0\M170\Common Files\\i486_nt\obj\SWToPro.exe accessible (INFO MESSAGE)
check_exec_file_accessible_():  C:\Program Files (x86)\PTC\Creo 3.0\M170\Common Files\\i486_nt\obj\SeodxToPro.exe accessible (INFO MESSAGE)
PFSDBArrToFilter:  shouldn't do both (INFO MESSAGE)
PFSTMakeTypeString:  no zip found (INFO MESSAGE)
_uit_adb_group_item_generate:  Item 'Tools_ProTk' - Empty container (INFO MESSAGE)
AdbPage::buildSizeStateTable:  Can't build Size State Table for page 'home_File' (INFO MESSAGE)
pro_locate_colormap ()
located color definition C:\Program Files (x86)\PTC\Creo 3.0\M170\Common Files\graphic-library\appearances\appearance.dmt
pro_locate_colormap ()
located color definition C:\Program Files (x86)\PTC\Creo 3.0\M170\Common Files\graphic-library\appearances\global.dmt
pro_locate_colormap ()
located Default color definition C:\Program Files (x86)\PTC\Creo 3.0\M170\Common Files\graphic-library\appearances\default.dmt
creoapp_get_root_info:  no active workspace (INFO MESSAGE)
creoapp_get_root_info:  no workspace for 0 (INFO MESSAGE)
creoapp_get_root_info:  no roots? (INFO MESSAGE)
ProMenuPurge:  postponing delete of item 'sl70_actionmenu' (app 2) due to undeleted child 'sl70_menu_reassemble_popup' (INFO MESSAGE)
_uit_adb_group_item_generate:  Item 'Tools_ProTk' - Empty container (INFO MESSAGE)
dll_get_func_ptr_msgq:  OS error 127 while getting ptr to 'post_user_ternimate' in 'AFX_SL70' (ORDER_DEBUG)
dll_get_func_ptr_msgq:  OS error 127 while getting ptr to 'post_user_ternimate' in 'AFX' (ORDER_DEBUG)
pgli_ogl_release_one_native_texture::  Invalid Opengl Context
 (INFO MESSAGE)
